Conversion run started at 2026-05-11 11:44:19
Working directory: /home/gpca/daltoolboxdp

================================================================================
[2026-05-11 11:45:18] rmd->docx
file: Rmd/autoencoder/autoenc_denoise_e.Rmd
message: TypeError: 'int' object is not iterable
Run `reticulate::py_last_error()` for details.
call: py_call_impl(callable, call_args$unnamed, call_args$named)
stack:
001: source("~/daltoolboxdp/Rmd/conversor.R")
002: withVisible(eval(ei, envir))
003: eval(ei, envir)
004: eval(ei, envir)
005: run_phase(texs, "rmd->docx", convert_rmd_docx)
006: tryCatch({     converter(input)     list(ok = TRUE, input = input, phase = phase, message = NULL) }, error = function(err) {     record_condition(phase, input, err)     list(ok = FALSE, input = input, phase = phase, message = conditionMessage(err)) })
007: tryCatchList(expr, classes, parentenv, handlers)
008: tryCatchOne(expr, names, parentenv, handlers[[1L]])
009: value[[3L]](cond)
010: record_condition(phase, input, err)

================================================================================
[2026-05-11 11:45:18] rmd->docx
file: Rmd/autoencoder/autoenc_denoise_ed.Rmd
message: TypeError: 'int' object is not iterable
Run `reticulate::py_last_error()` for details.
call: py_call_impl(callable, call_args$unnamed, call_args$named)
stack:
001: source("~/daltoolboxdp/Rmd/conversor.R")
002: withVisible(eval(ei, envir))
003: eval(ei, envir)
004: eval(ei, envir)
005: run_phase(texs, "rmd->docx", convert_rmd_docx)
006: tryCatch({     converter(input)     list(ok = TRUE, input = input, phase = phase, message = NULL) }, error = function(err) {     record_condition(phase, input, err)     list(ok = FALSE, input = input, phase = phase, message = conditionMessage(err)) })
007: tryCatchList(expr, classes, parentenv, handlers)
008: tryCatchOne(expr, names, parentenv, handlers[[1L]])
009: value[[3L]](cond)
010: record_condition(phase, input, err)

================================================================================
[2026-05-11 11:45:19] rmd->docx
file: Rmd/autoencoder/autoenc_e.Rmd
message: TypeError: 'int' object is not iterable
Run `reticulate::py_last_error()` for details.
call: py_call_impl(callable, call_args$unnamed, call_args$named)
stack:
001: source("~/daltoolboxdp/Rmd/conversor.R")
002: withVisible(eval(ei, envir))
003: eval(ei, envir)
004: eval(ei, envir)
005: run_phase(texs, "rmd->docx", convert_rmd_docx)
006: tryCatch({     converter(input)     list(ok = TRUE, input = input, phase = phase, message = NULL) }, error = function(err) {     record_condition(phase, input, err)     list(ok = FALSE, input = input, phase = phase, message = conditionMessage(err)) })
007: tryCatchList(expr, classes, parentenv, handlers)
008: tryCatchOne(expr, names, parentenv, handlers[[1L]])
009: value[[3L]](cond)
010: record_condition(phase, input, err)

================================================================================
[2026-05-11 11:45:19] rmd->docx
file: Rmd/autoencoder/autoenc_ed.Rmd
message: TypeError: 'int' object is not iterable
Run `reticulate::py_last_error()` for details.
call: py_call_impl(callable, call_args$unnamed, call_args$named)
stack:
001: source("~/daltoolboxdp/Rmd/conversor.R")
002: withVisible(eval(ei, envir))
003: eval(ei, envir)
004: eval(ei, envir)
005: run_phase(texs, "rmd->docx", convert_rmd_docx)
006: tryCatch({     converter(input)     list(ok = TRUE, input = input, phase = phase, message = NULL) }, error = function(err) {     record_condition(phase, input, err)     list(ok = FALSE, input = input, phase = phase, message = conditionMessage(err)) })
007: tryCatchList(expr, classes, parentenv, handlers)
008: tryCatchOne(expr, names, parentenv, handlers[[1L]])
009: value[[3L]](cond)
010: record_condition(phase, input, err)

================================================================================
[2026-05-11 11:45:25] rmd->docx
file: Rmd/autoencoder/autoenc_stacked_e.Rmd
message: TypeError: 'int' object is not iterable
Run `reticulate::py_last_error()` for details.
call: py_call_impl(callable, call_args$unnamed, call_args$named)
stack:
001: source("~/daltoolboxdp/Rmd/conversor.R")
002: withVisible(eval(ei, envir))
003: eval(ei, envir)
004: eval(ei, envir)
005: run_phase(texs, "rmd->docx", convert_rmd_docx)
006: tryCatch({     converter(input)     list(ok = TRUE, input = input, phase = phase, message = NULL) }, error = function(err) {     record_condition(phase, input, err)     list(ok = FALSE, input = input, phase = phase, message = conditionMessage(err)) })
007: tryCatchList(expr, classes, parentenv, handlers)
008: tryCatchOne(expr, names, parentenv, handlers[[1L]])
009: value[[3L]](cond)
010: record_condition(phase, input, err)

================================================================================
[2026-05-11 11:45:25] rmd->docx
file: Rmd/autoencoder/autoenc_stacked_ed.Rmd
message: TypeError: 'int' object is not iterable
Run `reticulate::py_last_error()` for details.
call: py_call_impl(callable, call_args$unnamed, call_args$named)
stack:
001: source("~/daltoolboxdp/Rmd/conversor.R")
002: withVisible(eval(ei, envir))
003: eval(ei, envir)
004: eval(ei, envir)
005: run_phase(texs, "rmd->docx", convert_rmd_docx)
006: tryCatch({     converter(input)     list(ok = TRUE, input = input, phase = phase, message = NULL) }, error = function(err) {     record_condition(phase, input, err)     list(ok = FALSE, input = input, phase = phase, message = conditionMessage(err)) })
007: tryCatchList(expr, classes, parentenv, handlers)
008: tryCatchOne(expr, names, parentenv, handlers[[1L]])
009: value[[3L]](cond)
010: record_condition(phase, input, err)

================================================================================
[2026-05-11 11:46:00] rmd->docx
file: Rmd/timeseries/ts_encode-decode.Rmd
message: TypeError: 'int' object is not iterable
Run `reticulate::py_last_error()` for details.
call: py_call_impl(callable, call_args$unnamed, call_args$named)
stack:
001: source("~/daltoolboxdp/Rmd/conversor.R")
002: withVisible(eval(ei, envir))
003: eval(ei, envir)
004: eval(ei, envir)
005: run_phase(texs, "rmd->docx", convert_rmd_docx)
006: tryCatch({     converter(input)     list(ok = TRUE, input = input, phase = phase, message = NULL) }, error = function(err) {     record_condition(phase, input, err)     list(ok = FALSE, input = input, phase = phase, message = conditionMessage(err)) })
007: tryCatchList(expr, classes, parentenv, handlers)
008: tryCatchOne(expr, names, parentenv, handlers[[1L]])
009: value[[3L]](cond)
010: record_condition(phase, input, err)

================================================================================
[2026-05-11 11:46:02] rmd->docx
file: Rmd/timeseries/ts_encode.Rmd
message: TypeError: 'int' object is not iterable
Run `reticulate::py_last_error()` for details.
call: py_call_impl(callable, call_args$unnamed, call_args$named)
stack:
001: source("~/daltoolboxdp/Rmd/conversor.R")
002: withVisible(eval(ei, envir))
003: eval(ei, envir)
004: eval(ei, envir)
005: run_phase(texs, "rmd->docx", convert_rmd_docx)
006: tryCatch({     converter(input)     list(ok = TRUE, input = input, phase = phase, message = NULL) }, error = function(err) {     record_condition(phase, input, err)     list(ok = FALSE, input = input, phase = phase, message = conditionMessage(err)) })
007: tryCatchList(expr, classes, parentenv, handlers)
008: tryCatchOne(expr, names, parentenv, handlers[[1L]])
009: value[[3L]](cond)
010: record_condition(phase, input, err)
