Conversion run started at 2026-05-14 09:55:29
Working directory: /home/gpca/daltoolboxdp

================================================================================
[2026-05-14 09:56:42] rmd->docx
file: Rmd/regression/01_torch_reg_mlp.Rmd
message: argument "input_size" is missing, with no default
call: torch_reg_mlp(attribute = "medv", hidden_sizes = c(16L, 8L),      epochs = 1000L)
stack:
001: source("~/daltoolboxdp/Rmd/conversor.R")
002: withVisible(eval(ei, envir))
003: eval(ei, envir)
004: eval(ei, envir)
005: run_phase(texs, "rmd->docx", convert_rmd_docx)
006: tryCatch({     converter(input)     list(ok = TRUE, input = input, phase = phase, message = NULL) }, error = function(err) {     record_condition(phase, input, err)     list(ok = FALSE, input = input, phase = phase, message = conditionMessage(err)) })
007: tryCatchList(expr, classes, parentenv, handlers)
008: tryCatchOne(expr, names, parentenv, handlers[[1L]])
009: value[[3L]](cond)
010: record_condition(phase, input, err)

================================================================================
[2026-05-14 09:56:42] rmd->docx
file: Rmd/regression/02_torch_reg_mlp_static_patience.Rmd
message: argument "input_size" is missing, with no default
call: torch_reg_mlp(attribute = "medv", hidden_sizes = c(16L, 8L),      epochs = 300L, validation_strategy = "static", stopping_rule = "patience",      patience = 20L, val_ratio = 0.2)
stack:
001: source("~/daltoolboxdp/Rmd/conversor.R")
002: withVisible(eval(ei, envir))
003: eval(ei, envir)
004: eval(ei, envir)
005: run_phase(texs, "rmd->docx", convert_rmd_docx)
006: tryCatch({     converter(input)     list(ok = TRUE, input = input, phase = phase, message = NULL) }, error = function(err) {     record_condition(phase, input, err)     list(ok = FALSE, input = input, phase = phase, message = conditionMessage(err)) })
007: tryCatchList(expr, classes, parentenv, handlers)
008: tryCatchOne(expr, names, parentenv, handlers[[1L]])
009: value[[3L]](cond)
010: record_condition(phase, input, err)

================================================================================
[2026-05-14 09:56:42] rmd->docx
file: Rmd/regression/03_torch_reg_mlp_dynamic_patience.Rmd
message: argument "input_size" is missing, with no default
call: torch_reg_mlp(attribute = "medv", hidden_sizes = c(16L, 8L),      epochs = 300L, validation_strategy = "dynamic", stopping_rule = "patience",      patience = 20L, val_ratio = 0.2)
stack:
001: source("~/daltoolboxdp/Rmd/conversor.R")
002: withVisible(eval(ei, envir))
003: eval(ei, envir)
004: eval(ei, envir)
005: run_phase(texs, "rmd->docx", convert_rmd_docx)
006: tryCatch({     converter(input)     list(ok = TRUE, input = input, phase = phase, message = NULL) }, error = function(err) {     record_condition(phase, input, err)     list(ok = FALSE, input = input, phase = phase, message = conditionMessage(err)) })
007: tryCatchList(expr, classes, parentenv, handlers)
008: tryCatchOne(expr, names, parentenv, handlers[[1L]])
009: value[[3L]](cond)
010: record_condition(phase, input, err)
